1649123320539	geckodriver	INFO	Listening on 127.0.0.1:34189
1649123320541	mozrunner::runner	INFO	Running command: "/usr/bin/firefox" "--marionette" "-no-remote" "-profile" "/tmp/rust_mozprofilenHjscQ"
1649123320903	Marionette	INFO	Marionette enabled
console.warn: SearchSettings: "get: No settings file exists, new profile?" (new NotFoundError("Could not open the file at /tmp/rust_mozprofilenHjscQ/search.json.mozlz4", (void 0)))
1649123324339	Marionette	INFO	Listening on port 36389
1649123324373	RemoteAgent	WARN	TLS certificate errors will be ignored for this session
1649123342144	geckodriver	INFO	Listening on 127.0.0.1:37315
1649123342147	mozrunner::runner	INFO	Running command: "/usr/bin/firefox" "--marionette" "-no-remote" "-profile" "/tmp/rust_mozprofilelOaeFx"
1649123342512	Marionette	INFO	Marionette enabled
console.warn: SearchSettings: "get: No settings file exists, new profile?" (new NotFoundError("Could not open the file at /tmp/rust_mozprofilelOaeFx/search.json.mozlz4", (void 0)))
1649123343530	Marionette	INFO	Listening on port 40933
1649123343566	RemoteAgent	WARN	TLS certificate errors will be ignored for this session
1649123358901	geckodriver	INFO	Listening on 127.0.0.1:60147
1649123358904	mozrunner::runner	INFO	Running command: "/usr/bin/firefox" "--marionette" "-no-remote" "-profile" "/tmp/rust_mozprofilehlRBkj"
1649123359275	Marionette	INFO	Marionette enabled
console.warn: SearchSettings: "get: No settings file exists, new profile?" (new NotFoundError("Could not open the file at /tmp/rust_mozprofilehlRBkj/search.json.mozlz4", (void 0)))
1649123360352	Marionette	INFO	Listening on port 33085
1649123360430	RemoteAgent	WARN	TLS certificate errors will be ignored for this session
1649123369138	geckodriver	INFO	Listening on 127.0.0.1:41601
1649123369141	mozrunner::runner	INFO	Running command: "/usr/bin/firefox" "--marionette" "-no-remote" "-profile" "/tmp/rust_mozprofilegxsVde"
1649123369510	Marionette	INFO	Marionette enabled
console.warn: SearchSettings: "get: No settings file exists, new profile?" (new NotFoundError("Could not open the file at /tmp/rust_mozprofilegxsVde/search.json.mozlz4", (void 0)))
1649123370562	Marionette	INFO	Listening on port 34305
1649123370655	RemoteAgent	WARN	TLS certificate errors will be ignored for this session
1649124273137	geckodriver	INFO	Listening on 127.0.0.1:50655
1649124273140	mozrunner::runner	INFO	Running command: "/usr/bin/firefox" "--marionette" "-no-remote" "-profile" "/tmp/rust_mozprofile3t0raM"
1649124273531	Marionette	INFO	Marionette enabled
console.warn: SearchSettings: "get: No settings file exists, new profile?" (new NotFoundError("Could not open the file at /tmp/rust_mozprofile3t0raM/search.json.mozlz4", (void 0)))
1649124274650	Marionette	INFO	Listening on port 46121
1649124274785	RemoteAgent	WARN	TLS certificate errors will be ignored for this session
1649124328842	geckodriver	INFO	Listening on 127.0.0.1:49853
1649124328846	mozrunner::runner	INFO	Running command: "/usr/bin/firefox" "--marionette" "-no-remote" "-profile" "/tmp/rust_mozprofileiJTnX6"
1649124329217	Marionette	INFO	Marionette enabled
console.warn: SearchSettings: "get: No settings file exists, new profile?" (new NotFoundError("Could not open the file at /tmp/rust_mozprofileiJTnX6/search.json.mozlz4", (void 0)))
1649124330281	Marionette	INFO	Listening on port 41195
1649124330360	RemoteAgent	WARN	TLS certificate errors will be ignored for this session
1649124350154	geckodriver	INFO	Listening on 127.0.0.1:42781
1649124350162	mozrunner::runner	INFO	Running command: "/usr/bin/firefox" "--marionette" "-no-remote" "-profile" "/tmp/rust_mozprofileL7OdAK"
1649124350552	Marionette	INFO	Marionette enabled
console.warn: SearchSettings: "get: No settings file exists, new profile?" (new NotFoundError("Could not open the file at /tmp/rust_mozprofileL7OdAK/search.json.mozlz4", (void 0)))
1649124351668	Marionette	INFO	Listening on port 37703
1649124351782	RemoteAgent	WARN	TLS certificate errors will be ignored for this session
1649124382984	Marionette	INFO	Stopped listening on port 37703
JavaScript error: resource:///modules/Interactions.jsm, line 209: NS_ERROR_FAILURE: Component returned failure code: 0x80004005 (NS_ERROR_FAILURE) [nsIUserIdleService.removeIdleObserver]

###!!! [Parent][RunMessage] Error: Channel closing: too late to send/recv, messages will be lost

1649124385137	Marionette	INFO	Stopped listening on port 41195
JavaScript error: resource:///modules/Interactions.jsm, line 209: NS_ERROR_FAILURE: Component returned failure code: 0x80004005 (NS_ERROR_FAILURE) [nsIUserIdleService.removeIdleObserver]

###!!! [Parent][RunMessage] Error: Channel closing: too late to send/recv, messages will be lost

JavaScript error: resource://devtools/server/actors/network-monitor/network-event-actor.js, line 109: Error: Got a request https://www.gstatic.com/recaptcha/releases/Y-cOIEkAqcfDdup_qnnmkxIC/styles__ltr.css without a browsingContextID set
1649124513724	geckodriver	INFO	Listening on 127.0.0.1:49311
1649124513727	mozrunner::runner	INFO	Running command: "/usr/bin/firefox" "--marionette" "-no-remote" "-profile" "/tmp/rust_mozprofiledwcAv6"
1649124514091	Marionette	INFO	Marionette enabled
console.warn: SearchSettings: "get: No settings file exists, new profile?" (new NotFoundError("Could not open the file at /tmp/rust_mozprofiledwcAv6/search.json.mozlz4", (void 0)))
1649124515163	Marionette	INFO	Listening on port 46787
1649124515241	RemoteAgent	WARN	TLS certificate errors will be ignored for this session
1649124534373	geckodriver	INFO	Listening on 127.0.0.1:53637
1649124534381	mozrunner::runner	INFO	Running command: "/usr/bin/firefox" "--marionette" "-no-remote" "-profile" "/tmp/rust_mozprofilejmaKj8"
1649124534784	Marionette	INFO	Marionette enabled
console.warn: SearchSettings: "get: No settings file exists, new profile?" (new NotFoundError("Could not open the file at /tmp/rust_mozprofilejmaKj8/search.json.mozlz4", (void 0)))
1649124535831	Marionette	INFO	Listening on port 33707
1649124535896	RemoteAgent	WARN	TLS certificate errors will be ignored for this session
1649124568445	Marionette	INFO	Stopped listening on port 33707
JavaScript error: resource:///modules/Interactions.jsm, line 209: NS_ERROR_FAILURE: Component returned failure code: 0x80004005 (NS_ERROR_FAILURE) [nsIUserIdleService.removeIdleObserver]

###!!! [Parent][RunMessage] Error: Channel closing: too late to send/recv, messages will be lost

1649124603693	geckodriver	INFO	Listening on 127.0.0.1:38183
1649124603703	mozrunner::runner	INFO	Running command: "/usr/bin/firefox" "--marionette" "-no-remote" "-profile" "/tmp/rust_mozprofileBsqii3"
1649124604104	Marionette	INFO	Marionette enabled
console.warn: SearchSettings: "get: No settings file exists, new profile?" (new NotFoundError("Could not open the file at /tmp/rust_mozprofileBsqii3/search.json.mozlz4", (void 0)))
1649124605134	Marionette	INFO	Listening on port 42033
1649124605222	RemoteAgent	WARN	TLS certificate errors will be ignored for this session
JavaScript error: resource://devtools/server/actors/network-monitor/network-event-actor.js, line 109: Error: Got a request https://www.gstatic.com/recaptcha/releases/gZWLhEUEJFxEhoT5hpjn2xHK/styles__ltr.css without a browsingContextID set
1649124654070	geckodriver	INFO	Listening on 127.0.0.1:58183
1649124654073	mozrunner::runner	INFO	Running command: "/usr/bin/firefox" "--marionette" "-no-remote" "-profile" "/tmp/rust_mozprofile0MOeQg"
1649124654448	Marionette	INFO	Marionette enabled
console.warn: SearchSettings: "get: No settings file exists, new profile?" (new NotFoundError("Could not open the file at /tmp/rust_mozprofile0MOeQg/search.json.mozlz4", (void 0)))
1649124655491	Marionette	INFO	Listening on port 38335
1649124655593	RemoteAgent	WARN	TLS certificate errors will be ignored for this session
1649124669157	geckodriver	INFO	Listening on 127.0.0.1:52043
1649124669167	mozrunner::runner	INFO	Running command: "/usr/bin/firefox" "--marionette" "-no-remote" "-profile" "/tmp/rust_mozprofileXu2OWy"
1649124669555	Marionette	INFO	Marionette enabled
console.warn: SearchSettings: "get: No settings file exists, new profile?" (new NotFoundError("Could not open the file at /tmp/rust_mozprofileXu2OWy/search.json.mozlz4", (void 0)))
1649124670984	Marionette	INFO	Listening on port 46709
1649124671088	RemoteAgent	WARN	TLS certificate errors will be ignored for this session
1649124678440	Marionette	INFO	Stopped listening on port 46709
JavaScript error: resource:///modules/Interactions.jsm, line 209: NS_ERROR_FAILURE: Component returned failure code: 0x80004005 (NS_ERROR_FAILURE) [nsIUserIdleService.removeIdleObserver]

###!!! [Parent][RunMessage] Error: Channel closing: too late to send/recv, messages will be lost

1649124697074	geckodriver	INFO	Listening on 127.0.0.1:35563
1649124697077	mozrunner::runner	INFO	Running command: "/usr/bin/firefox" "--marionette" "-no-remote" "-profile" "/tmp/rust_mozprofileWu6Ifl"
1649124697508	Marionette	INFO	Marionette enabled
console.warn: SearchSettings: "get: No settings file exists, new profile?" (new NotFoundError("Could not open the file at /tmp/rust_mozprofileWu6Ifl/search.json.mozlz4", (void 0)))
1649124698628	Marionette	INFO	Listening on port 39017
1649124698694	RemoteAgent	WARN	TLS certificate errors will be ignored for this session
1649124728427	geckodriver	INFO	Listening on 127.0.0.1:37293
1649124728432	mozrunner::runner	INFO	Running command: "/usr/bin/firefox" "--marionette" "-no-remote" "-profile" "/tmp/rust_mozprofile5RAyPU"
1649124728820	Marionette	INFO	Marionette enabled
console.warn: SearchSettings: "get: No settings file exists, new profile?" (new NotFoundError("Could not open the file at /tmp/rust_mozprofile5RAyPU/search.json.mozlz4", (void 0)))
1649124729911	Marionette	INFO	Listening on port 36241
1649124729953	RemoteAgent	WARN	TLS certificate errors will be ignored for this session
1649124742586	Marionette	INFO	Stopped listening on port 36241
JavaScript error: resource:///modules/Interactions.jsm, line 209: NS_ERROR_FAILURE: Component returned failure code: 0x80004005 (NS_ERROR_FAILURE) [nsIUserIdleService.removeIdleObserver]

###!!! [Parent][RunMessage] Error: Channel closing: too late to send/recv, messages will be lost

1649124744081	Marionette	INFO	Stopped listening on port 39017
JavaScript error: resource:///modules/Interactions.jsm, line 209: NS_ERROR_FAILURE: Component returned failure code: 0x80004005 (NS_ERROR_FAILURE) [nsIUserIdleService.removeIdleObserver]

###!!! [Parent][RunMessage] Error: Channel closing: too late to send/recv, messages will be lost

1649124745500	Marionette	INFO	Stopped listening on port 38335
JavaScript error: resource:///modules/Interactions.jsm, line 209: NS_ERROR_FAILURE: Component returned failure code: 0x80004005 (NS_ERROR_FAILURE) [nsIUserIdleService.removeIdleObserver]

###!!! [Parent][RunMessage] Error: Channel closing: too late to send/recv, messages will be lost

1649124749106	Marionette	INFO	Stopped listening on port 42033
JavaScript error: resource:///modules/Interactions.jsm, line 209: NS_ERROR_FAILURE: Component returned failure code: 0x80004005 (NS_ERROR_FAILURE) [nsIUserIdleService.removeIdleObserver]

###!!! [Parent][RunMessage] Error: Channel closing: too late to send/recv, messages will be lost

1649124751572	Marionette	INFO	Stopped listening on port 46121
JavaScript error: resource:///modules/Interactions.jsm, line 209: NS_ERROR_FAILURE: Component returned failure code: 0x80004005 (NS_ERROR_FAILURE) [nsIUserIdleService.removeIdleObserver]

###!!! [Parent][RunMessage] Error: Channel closing: too late to send/recv, messages will be lost

1649124758378	Marionette	INFO	Stopped listening on port 33085
JavaScript error: resource:///modules/Interactions.jsm, line 209: NS_ERROR_FAILURE: Component returned failure code: 0x80004005 (NS_ERROR_FAILURE) [nsIUserIdleService.removeIdleObserver]

###!!! [Parent][RunMessage] Error: Channel closing: too late to send/recv, messages will be lost

1649124764865	Marionette	INFO	Stopped listening on port 40933
JavaScript error: resource:///modules/Interactions.jsm, line 209: NS_ERROR_FAILURE: Component returned failure code: 0x80004005 (NS_ERROR_FAILURE) [nsIUserIdleService.removeIdleObserver]

###!!! [Parent][RunMessage] Error: Channel closing: too late to send/recv, messages will be lost

1649124774972	Marionette	INFO	Stopped listening on port 36389
JavaScript error: resource:///modules/Interactions.jsm, line 209: NS_ERROR_FAILURE: Component returned failure code: 0x80004005 (NS_ERROR_FAILURE) [nsIUserIdleService.removeIdleObserver]

###!!! [Parent][RunMessage] Error: Channel closing: too late to send/recv, messages will be lost

1649124777782	geckodriver	INFO	Listening on 127.0.0.1:57821
1649124777785	mozrunner::runner	INFO	Running command: "/usr/bin/firefox" "--marionette" "-no-remote" "-profile" "/tmp/rust_mozprofile9o58o2"
1649124778179	Marionette	INFO	Marionette enabled
console.warn: SearchSettings: "get: No settings file exists, new profile?" (new NotFoundError("Could not open the file at /tmp/rust_mozprofile9o58o2/search.json.mozlz4", (void 0)))
1649124779373	Marionette	INFO	Listening on port 37819
1649124779400	RemoteAgent	WARN	TLS certificate errors will be ignored for this session
1649124884686	geckodriver	INFO	Listening on 127.0.0.1:54595
1649124884688	mozrunner::runner	INFO	Running command: "/usr/bin/firefox" "--marionette" "-no-remote" "-profile" "/tmp/rust_mozprofilen0pysR"
1649124885079	Marionette	INFO	Marionette enabled
console.warn: SearchSettings: "get: No settings file exists, new profile?" (new NotFoundError("Could not open the file at /tmp/rust_mozprofilen0pysR/search.json.mozlz4", (void 0)))
1649124886195	Marionette	INFO	Listening on port 40009
1649124886308	RemoteAgent	WARN	TLS certificate errors will be ignored for this session
1649124896142	geckodriver	INFO	Listening on 127.0.0.1:55033
1649124896146	mozrunner::runner	INFO	Running command: "/usr/bin/firefox" "--marionette" "-no-remote" "-profile" "/tmp/rust_mozprofileAAipIz"
1649124896516	Marionette	INFO	Marionette enabled
console.warn: SearchSettings: "get: No settings file exists, new profile?" (new NotFoundError("Could not open the file at /tmp/rust_mozprofileAAipIz/search.json.mozlz4", (void 0)))
1649124897592	Marionette	INFO	Listening on port 34199
1649124897663	RemoteAgent	WARN	TLS certificate errors will be ignored for this session
1649124950386	Marionette	INFO	Stopped listening on port 40009
JavaScript error: resource:///modules/Interactions.jsm, line 209: NS_ERROR_FAILURE: Component returned failure code: 0x80004005 (NS_ERROR_FAILURE) [nsIUserIdleService.removeIdleObserver]

###!!! [Parent][RunMessage] Error: Channel closing: too late to send/recv, messages will be lost

1649125224267	Marionette	INFO	Stopped listening on port 34199
JavaScript error: resource:///modules/Interactions.jsm, line 209: NS_ERROR_FAILURE: Component returned failure code: 0x80004005 (NS_ERROR_FAILURE) [nsIUserIdleService.removeIdleObserver]

###!!! [Parent][RunMessage] Error: Channel closing: too late to send/recv, messages will be lost

console.warn: "Resource  of root-node was not found."
1649125249252	Marionette	INFO	Stopped listening on port 37819
JavaScript error: resource:///modules/Interactions.jsm, line 209: NS_ERROR_FAILURE: Component returned failure code: 0x80004005 (NS_ERROR_FAILURE) [nsIUserIdleService.removeIdleObserver]

###!!! [Parent][RunMessage] Error: Channel closing: too late to send/recv, messages will be lost

1649125264930	Marionette	INFO	Stopped listening on port 34305
JavaScript error: resource:///modules/Interactions.jsm, line 209: NS_ERROR_FAILURE: Component returned failure code: 0x80004005 (NS_ERROR_FAILURE) [nsIUserIdleService.removeIdleObserver]
1649215555175	geckodriver	INFO	Listening on 127.0.0.1:59267
1649215555178	mozrunner::runner	INFO	Running command: "/usr/bin/firefox" "--marionette" "-no-remote" "-profile" "/tmp/rust_mozprofileaumWUF"
1649215555554	Marionette	INFO	Marionette enabled
console.warn: SearchSettings: "get: No settings file exists, new profile?" (new NotFoundError("Could not open the file at /tmp/rust_mozprofileaumWUF/search.json.mozlz4", (void 0)))
1649215556818	Marionette	INFO	Listening on port 45235
1649215556900	RemoteAgent	WARN	TLS certificate errors will be ignored for this session
1649215568671	Marionette	INFO	Stopped listening on port 45235
JavaScript error: resource:///modules/Interactions.jsm, line 209: NS_ERROR_FAILURE: Component returned failure code: 0x80004005 (NS_ERROR_FAILURE) [nsIUserIdleService.removeIdleObserver]

###!!! [Parent][RunMessage] Error: Channel closing: too late to send/recv, messages will be lost

